<?xml version="1.0" encoding="UTF-8"?>
<!-- Generated by org.testng.reporters.JUnitReportReporter -->
<testsuite skipped="0" hostname="DESKTOP-HOQMJB5" name="appiumtest.TestCases" tests="3" failures="0" timestamp="29 Dec 2020 03:14:26 GMT" time="5.889" errors="1">
  <testcase name="testClass" time="0.004" classname="appiumtest.TestCases"/>
  <testcase name="SelectMonth" time="5.842" classname="appiumtest.TestCases"/>
  <testcase name="tearDown" time="0.043" classname="appiumtest.TestCases">
    <error type="org.openqa.selenium.UnsupportedCommandException" message="Method has not yet been implemented
Build info: version: &#039;3.141.59&#039;, revision: &#039;e82be7d358&#039;, time: &#039;2018-11-14T08:17:03&#039;
System info: host: &#039;DESKTOP-HOQMJB5&#039;, ip: &#039;192.168.0.6&#039;, os.name: &#039;Windows 10&#039;, os.arch: &#039;amd64&#039;, os.version: &#039;10.0&#039;, java.version: &#039;1.8.0_144&#039;
Driver info: io.appium.java_client.AppiumDriver
Capabilities {appActivity: com.samsung.android.app.cal..., appPackage: com.samsung.android.calendar, databaseEnabled: false, desired: {appActivity: com.samsung.android.app.cal..., appPackage: com.samsung.android.calendar, deviceName: SMM31S, newCommandTimeout: 60, platformName: android, platformVersion: 10, udid: 192.168.0.2:5037}, deviceManufacturer: samsung, deviceModel: SM-M317F, deviceName: 192.168.0.2:5037, deviceScreenSize: 1080x2400, deviceUDID: 192.168.0.2:5037, javascriptEnabled: true, locationContextEnabled: false, networkConnectionEnabled: true, newCommandTimeout: 60, platform: LINUX, platformName: LINUX, platformVersion: 10, takesScreenshot: true, udid: 192.168.0.2:5037, warnings: {}, webStorageEnabled: false}
Session ID: f34b3788-5da1-4ddc-a297-2b16d54e6c62">
      <![CDATA[org.openqa.selenium.UnsupportedCommandException: Method has not yet been implemented
Build info: version: '3.141.59', revision: 'e82be7d358', time: '2018-11-14T08:17:03'
System info: host: 'DESKTOP-HOQMJB5', ip: '192.168.0.6', os.name: 'Windows 10', os.arch: 'amd64', os.version: '10.0', java.version: '1.8.0_144'
Driver info: io.appium.java_client.AppiumDriver
Capabilities {appActivity: com.samsung.android.app.cal..., appPackage: com.samsung.android.calendar, databaseEnabled: false, desired: {appActivity: com.samsung.android.app.cal..., appPackage: com.samsung.android.calendar, deviceName: SMM31S, newCommandTimeout: 60, platformName: android, platformVersion: 10, udid: 192.168.0.2:5037}, deviceManufacturer: samsung, deviceModel: SM-M317F, deviceName: 192.168.0.2:5037, deviceScreenSize: 1080x2400, deviceUDID: 192.168.0.2:5037, javascriptEnabled: true, locationContextEnabled: false, networkConnectionEnabled: true, newCommandTimeout: 60, platform: LINUX, platformName: LINUX, platformVersion: 10, takesScreenshot: true, udid: 192.168.0.2:5037, warnings: {}, webStorageEnabled: false}
Session ID: f34b3788-5da1-4ddc-a297-2b16d54e6c62
at sun.reflect.NativeConstructorAccessorImpl.newInstance0(Native Method)
at sun.reflect.NativeConstructorAccessorImpl.newInstance(Unknown Source)
at sun.reflect.DelegatingConstructorAccessorImpl.newInstance(Unknown Source)
at java.lang.reflect.Constructor.newInstance(Unknown Source)
at org.openqa.selenium.remote.http.W3CHttpResponseCodec.createException(W3CHttpResponseCodec.java:187)
at org.openqa.selenium.remote.http.W3CHttpResponseCodec.decode(W3CHttpResponseCodec.java:122)
at org.openqa.selenium.remote.http.W3CHttpResponseCodec.decode(W3CHttpResponseCodec.java:49)
at org.openqa.selenium.remote.HttpCommandExecutor.execute(HttpCommandExecutor.java:158)
at io.appium.java_client.remote.AppiumCommandExecutor.execute(AppiumCommandExecutor.java:239)
at org.openqa.selenium.remote.RemoteWebDriver.execute(RemoteWebDriver.java:552)
at io.appium.java_client.DefaultGenericMobileDriver.execute(DefaultGenericMobileDriver.java:46)
at io.appium.java_client.AppiumDriver.execute(AppiumDriver.java:1)
at org.openqa.selenium.remote.RemoteWebDriver.close(RemoteWebDriver.java:442)
at appiumtest.appiumBaseClass.tearDown(appiumBaseClass.java:85)
at sun.reflect.NativeMethodAccessorImpl.invoke0(Native Method)
at sun.reflect.NativeMethodAccessorImpl.invoke(Unknown Source)
at sun.reflect.DelegatingMethodAccessorImpl.invoke(Unknown Source)
at java.lang.reflect.Method.invoke(Unknown Source)
at org.testng.internal.MethodInvocationHelper.invokeMethod(MethodInvocationHelper.java:124)
at org.testng.internal.MethodInvocationHelper.invokeMethodConsideringTimeout(MethodInvocationHelper.java:59)
at org.testng.internal.Invoker.invokeConfigurationMethod(Invoker.java:458)
at org.testng.internal.Invoker.invokeConfigurations(Invoker.java:222)
at org.testng.internal.Invoker.invokeConfigurations(Invoker.java:142)
at org.testng.TestRunner.afterRun(TestRunner.java:725)
at org.testng.TestRunner.run(TestRunner.java:509)
at org.testng.SuiteRunner.runTest(SuiteRunner.java:455)
at org.testng.SuiteRunner.runSequentially(SuiteRunner.java:450)
at org.testng.SuiteRunner.privateRun(SuiteRunner.java:415)
at org.testng.SuiteRunner.run(SuiteRunner.java:364)
at org.testng.SuiteRunnerWorker.runSuite(SuiteRunnerWorker.java:52)
at org.testng.SuiteRunnerWorker.run(SuiteRunnerWorker.java:84)
at org.testng.TestNG.runSuitesSequentially(TestNG.java:1208)
at org.testng.TestNG.runSuitesLocally(TestNG.java:1137)
at org.testng.TestNG.runSuites(TestNG.java:1049)
at org.testng.TestNG.run(TestNG.java:1017)
at org.testng.remote.AbstractRemoteTestNG.run(AbstractRemoteTestNG.java:115)
at org.testng.remote.RemoteTestNG.initAndRun(RemoteTestNG.java:251)
at org.testng.remote.RemoteTestNG.main(RemoteTestNG.java:77)
]]>
    </error>
  </testcase> <!-- tearDown -->
</testsuite> <!-- appiumtest.TestCases -->
